-------------------------------------------------------------------------------
Test set: com.example.shirotest.CustomRealmTest
-------------------------------------------------------------------------------
Tests run: 1, Failures: 0, Errors: 1, Skipped: 0, Time elapsed: 0 s <<< FAILURE! - in com.example.shirotest.CustomRealmTest
TestAuth(com.example.shirotest.CustomRealmTest)  Time elapsed: 0 s  <<< ERROR!
org.apache.shiro.authz.UnauthorizedException: Subject does not have permission [user:delete]
	at com.example.shirotest.CustomRealmTest.TestAuth(CustomRealmTest.java:31)

